(node:88923) DeprecationWarning: current URL string parser is deprecated, and will be removed in a future version. To use the new parser, pass option { useNewUrlParser: true } to MongoClient.connect.
Server running at: http://jnunes-linux:4000
database connected to admin on cluster0-shard-00-02.iyhes.mongodb.net
{
  users: {
    homer: {
      _id: 606cc150c7df0f5b5c1ca708,
      firstName: 'Homer',
      lastName: 'Simpson',
      email: 'homer@simpson.com',
      password: 'secret',
      __v: 0
    },
    marge: {
      _id: 606cc150c7df0f5b5c1ca709,
      firstName: 'Marge',
      lastName: 'Simpson',
      email: 'marge@simpson.com',
      password: 'secret',
      __v: 0
    },
    bart: {
      _id: 606cc150c7df0f5b5c1ca70a,
      firstName: 'Bart',
      lastName: 'Simpson',
      email: 'bart@simpson.com',
      password: 'secret',
      __v: 0
    }
  },
  candidates: {
    lisa: {
      _id: 606cc150c7df0f5b5c1ca70b,
      firstName: 'Lisa',
      lastName: 'Simpson',
      office: 'President',
      __v: 0
    },
    donald: {
      _id: 606cc150c7df0f5b5c1ca70c,
      firstName: 'Donald',
      lastName: 'Simpson',
      office: 'President',
      __v: 0
    }
  },
  donations: {
    one: {
      _id: 606cc150c7df0f5b5c1ca70d,
      amount: 40,
      method: 'paypal',
      donor: 606cc150c7df0f5b5c1ca70a,
      candidate: 606cc150c7df0f5b5c1ca70b,
      __v: 0
    },
    two: {
      _id: 606cc150c7df0f5b5c1ca70e,
      amount: 90,
      method: 'direct',
      donor: 606cc150c7df0f5b5c1ca709,
      candidate: 606cc150c7df0f5b5c1ca70b,
      __v: 0
    },
    three: {
      _id: 606cc150c7df0f5b5c1ca70f,
      amount: 430,
      method: 'paypal',
      donor: 606cc150c7df0f5b5c1ca708,
      candidate: 606cc150c7df0f5b5c1ca70c,
      __v: 0
    }
  }
}
(node:88954) DeprecationWarning: current URL string parser is deprecated, and will be removed in a future version. To use the new parser, pass option { useNewUrlParser: true } to MongoClient.connect.
Server running at: http://jnunes-linux:4000
database connected to admin on cluster0-shard-00-01.iyhes.mongodb.net
{
  users: {
    homer: {
      _id: 606cc17340a7ab5b7b901c10,
      firstName: 'Homer',
      lastName: 'Simpson',
      email: 'homer@simpson.com',
      password: 'secret',
      __v: 0
    },
    marge: {
      _id: 606cc17340a7ab5b7b901c11,
      firstName: 'Marge',
      lastName: 'Simpson',
      email: 'marge@simpson.com',
      password: 'secret',
      __v: 0
    },
    bart: {
      _id: 606cc17340a7ab5b7b901c12,
      firstName: 'Bart',
      lastName: 'Simpson',
      email: 'bart@simpson.com',
      password: 'secret',
      __v: 0
    }
  },
  candidates: {
    lisa: {
      _id: 606cc17340a7ab5b7b901c13,
      firstName: 'Lisa',
      lastName: 'Simpson',
      office: 'President',
      __v: 0
    },
    donald: {
      _id: 606cc17340a7ab5b7b901c14,
      firstName: 'Donald',
      lastName: 'Simpson',
      office: 'President',
      __v: 0
    }
  },
  donations: {
    one: {
      _id: 606cc17340a7ab5b7b901c15,
      amount: 40,
      method: 'paypal',
      donor: 606cc17340a7ab5b7b901c12,
      candidate: 606cc17340a7ab5b7b901c13,
      __v: 0
    },
    two: {
      _id: 606cc17340a7ab5b7b901c16,
      amount: 90,
      method: 'direct',
      donor: 606cc17340a7ab5b7b901c11,
      candidate: 606cc17340a7ab5b7b901c13,
      __v: 0
    },
    three: {
      _id: 606cc17440a7ab5b7b901c17,
      amount: 430,
      method: 'paypal',
      donor: 606cc17340a7ab5b7b901c10,
      candidate: 606cc17340a7ab5b7b901c14,
      __v: 0
    }
  }
}
